Arguments: 
  /usr/local/bin/node /usr/local/bin/yarn start

PATH: 
  ~/.composer/vendor/bin:/usr/local/bin:/usr/bin:/bin:/usr/sbin:/sbin:/Library/Frameworks/Mono.framework/Versions/Current/Commands:~/.composer/vendor/bin

Yarn version: 
  1.2.1

Node version: 
  6.11.2

Platform: 
  darwin x64

npm manifest: 
  

yarn manifest: 
  No manifest

Lockfile: 
  

Trace: 
  SyntaxError: /Users/Snowghost/Documents/second-scraper/package.json: Unexpected end of JSON input
      at Object.parse (native)
      at /usr/local/lib/node_modules/yarn/lib/cli.js:770:59
      at next (native)
      at step (/usr/local/lib/node_modules/yarn/lib/cli.js:92:30)
      at /usr/local/lib/node_modules/yarn/lib/cli.js:103:13
